#
# There is insufficient memory for the Java Runtime Environment to continue.
# Native memory allocation (mmap) failed to map 201326592 bytes for Failed to commit area from 0x0000000741800000 to 0x000000074d800000 of length 201326592.
# Possible reasons:
#   The system is out of physical RAM or swap space
#   The process is running with CompressedOops enabled, and the Java Heap may be blocking the growth of the native heap
# Possible solutions:
#   Reduce memory load on the system
#   Increase physical memory or swap space
#   Check if swap backing store is full
#   Decrease Java heap size (-Xmx/-Xms)
#   Decrease number of Java threads
#   Decrease Java thread stack sizes (-Xss)
#   Set larger code cache with -XX:ReservedCodeCacheSize=
# This output file may be truncated or incomplete.
#
#  Out of Memory Error (./src/hotspot/os/windows/os_windows.cpp:3301), pid=7016, tid=3288
#
# JRE version:  (11.0.11+9) (build )
# Java VM: OpenJDK 64-Bit Server VM (11.0.11+9-b1341.60, mixed mode, sharing, tiered, compressed oops, g1 gc, windows-amd64)
# No core dump will be written. Minidumps are not enabled by default on client versions of Windows
#

---------------  S U M M A R Y ------------

Command Line: org.jetbrains.git4idea.http.GitAskPassApp Username for 'https://github.com': 

Host: Intel(R) Core(TM) i7-6500U CPU @ 2.50GHz, 4 cores, 11G,  Windows 10 , 64 bit Build 19041 (10.0.19041.1023)
Time: Thu Jul 29 20:11:44 2021 Hora oficial do Brasil elapsed time: 0.021432 seconds (0d 0h 0m 0s)

---------------  T H R E A D  ---------------

Current thread (0x0000017eb818b000):  JavaThread "Unknown thread" [_thread_in_vm, id=3288, stack(0x0000005644800000,0x0000005644900000)]

Stack: [0x0000005644800000,0x0000005644900000]
Native frames: (J=compiled Java code, j=interpreted, Vv=VM code, C=native code)
V  [jvm.dll+0x5f5c8a]
V  [jvm.dll+0x779405]
V  [jvm.dll+0x77aa1d]
V  [jvm.dll+0x77b0d3]
V  [jvm.dll+0x244bc8]
V  [jvm.dll+0x5f3084]
V  [jvm.dll+0x5e7fe5]
V  [jvm.dll+0x30098b]
V  [jvm.dll+0x3008fa]
V  [jvm.dll+0x3007d2]
V  [jvm.dll+0x3056b6]
V  [jvm.dll+0x34e353]
V  [jvm.dll+0x34ea56]
V  [jvm.dll+0x34e453]
V  [jvm.dll+0x2db398]
V  [jvm.dll+0x2dc547]
V  [jvm.dll+0x757bf7]
V  [jvm.dll+0x7593ec]
V  [jvm.dll+0x35b8d9]
V  [jvm.dll+0x73b38e]
V  [jvm.dll+0x3c3cc3]
V  [jvm.dll+0x3c60e1]
C  [jli.dll+0x5373]
C  [ucrtbase.dll+0x21bb2]
C  [KERNEL32.DLL+0x17034]
C  [ntdll.dll+0x52651]


---------------  P R O C E S S  ---------------

Threads class SMR info:
_java_thread_list=0x0000017eb5fd0260, length=0, elements={
}

Java Threads: ( => current thread )

Other Threads:
  0x0000017eb81a4000 GCTaskThread "GC Thread#0" [stack: 0x0000005644900000,0x0000005644a00000] [id=2928]
  0x0000017eb81ea800 ConcurrentGCThread "G1 Main Marker" [stack: 0x0000005644a00000,0x0000005644b00000] [id=11012]
  0x0000017eb81ec000 ConcurrentGCThread "G1 Conc#0" [stack: 0x0000005644b00000,0x0000005644c00000] [id=9000]

[error occurred during error reporting (printing all threads), id 0xc0000005, EXCEPTION_ACCESS_VIOLATION (0xc0000005) at pc=0x00007ffd4c40b9f7]

VM state:not at safepoint (not fully initialized)

VM Mutex/Monitor currently owned by a thread:  ([mutex/lock_event])
[0x0000017eb81888c0] Heap_lock - owner thread: 0x0000017eb818b000

Heap address: 0x0000000741800000, size: 3048 MB, Compressed Oops mode: Non-zero based: 0x0000000741800000
Narrow klass base: 0x0000000000000000, Narrow klass shift: 0

GC Heap History (0 events):
No events

Deoptimization events (0 events):
No events

Classes redefined (0 events):
No events

Internal exceptions (0 events):
No events

Events (1 events):
Event: 0.012 Loaded shared library C:\Program Files\JetBrains\IntelliJ IDEA Educational Edition 2020.3.4\jbr\bin\zip.dll


Dynamic libraries:
0x00007ff642b50000 - 0x00007ff642b5a000 	C:\Program Files\JetBrains\IntelliJ IDEA Educational Edition 2020.3.4\jbr\bin\java.exe
0x00007ffd74f70000 - 0x00007ffd75165000 	C:\Windows\SYSTEM32\ntdll.dll
0x00007ffd741f0000 - 0x00007ffd742ad000 	C:\Windows\System32\KERNEL32.DLL
0x00007ffd72d10000 - 0x00007ffd72fd9000 	C:\Windows\System32\KERNELBASE.dll
0x00007ffd72bc0000 - 0x00007ffd72cc0000 	C:\Windows\System32\ucrtbase.dll
0x00007ffd4be60000 - 0x00007ffd4be79000 	C:\Program Files\JetBrains\IntelliJ IDEA Educational Edition 2020.3.4\jbr\bin\jli.dll
0x00007ffd74650000 - 0x00007ffd747f0000 	C:\Windows\System32\USER32.dll
0x00007ffd72b90000 - 0x00007ffd72bb2000 	C:\Windows\System32\win32u.dll
0x00007ffd741c0000 - 0x00007ffd741ea000 	C:\Windows\System32\GDI32.dll
0x00007ffd4be40000 - 0x00007ffd4be57000 	C:\Program Files\JetBrains\IntelliJ IDEA Educational Edition 2020.3.4\jbr\bin\VCRUNTIME140.dll
0x00007ffd727d0000 - 0x00007ffd728db000 	C:\Windows\System32\gdi32full.dll
0x00007ffd728e0000 - 0x00007ffd7297d000 	C:\Windows\System32\msvcp_win.dll
0x00007ffd61fe0000 - 0x00007ffd6227a000 	C:\Windows\WinSxS\amd64_microsoft.windows.common-controls_6595b64144ccf1df_6.0.19041.1110_none_60b5254171f9507e\COMCTL32.dll
0x00007ffd73970000 - 0x00007ffd73a0e000 	C:\Windows\System32\msvcrt.dll
0x00007ffd74620000 - 0x00007ffd74650000 	C:\Windows\System32\IMM32.DLL
0x00007ffd4bda0000 - 0x00007ffd4be3d000 	C:\Program Files\JetBrains\IntelliJ IDEA Educational Edition 2020.3.4\jbr\bin\msvcp140.dll
0x00007ffd4c120000 - 0x00007ffd4cc69000 	C:\Program Files\JetBrains\IntelliJ IDEA Educational Edition 2020.3.4\jbr\bin\server\jvm.dll
0x00007ffd74570000 - 0x00007ffd7461c000 	C:\Windows\System32\ADVAPI32.dll
0x00007ffd738d0000 - 0x00007ffd7396b000 	C:\Windows\System32\sechost.dll
0x00007ffd74c50000 - 0x00007ffd74d7a000 	C:\Windows\System32\RPCRT4.dll
0x00007ffd74850000 - 0x00007ffd74858000 	C:\Windows\System32\PSAPI.DLL
0x00007ffd70090000 - 0x00007ffd70099000 	C:\Windows\SYSTEM32\WSOCK32.dll
0x00007ffd74ec0000 - 0x00007ffd74f2b000 	C:\Windows\System32\WS2_32.dll
0x00007ffd62430000 - 0x00007ffd62457000 	C:\Windows\SYSTEM32\WINMM.dll
0x00007ffd69ae0000 - 0x00007ffd69aea000 	C:\Windows\SYSTEM32\VERSION.dll
0x00007ffd705e0000 - 0x00007ffd705f2000 	C:\Windows\SYSTEM32\kernel.appcore.dll
0x00007ffd6d800000 - 0x00007ffd6d811000 	C:\Program Files\JetBrains\IntelliJ IDEA Educational Edition 2020.3.4\jbr\bin\verify.dll
0x00007ffd6fe80000 - 0x00007ffd70064000 	C:\Windows\SYSTEM32\DBGHELP.DLL
0x00007ffd5e690000 - 0x00007ffd5e6bc000 	C:\Windows\SYSTEM32\dbgcore.DLL
0x00007ffd726b0000 - 0x00007ffd72733000 	C:\Windows\System32\bcryptPrimitives.dll
0x00007ffd6d7d0000 - 0x00007ffd6d7f9000 	C:\Program Files\JetBrains\IntelliJ IDEA Educational Edition 2020.3.4\jbr\bin\java.dll
0x00007ffd6d7c0000 - 0x00007ffd6d7cb000 	C:\Program Files\JetBrains\IntelliJ IDEA Educational Edition 2020.3.4\jbr\bin\jimage.dll
0x00007ffd6c8c0000 - 0x00007ffd6c8d8000 	C:\Program Files\JetBrains\IntelliJ IDEA Educational Edition 2020.3.4\jbr\bin\zip.dll

dbghelp: loaded successfully - version: 4.0.5 - missing functions: none
symbol engine: initialized successfully - sym options: 0x614 - pdb path: .;C:\Program Files\JetBrains\IntelliJ IDEA Educational Edition 2020.3.4\jbr\bin;C:\Windows\SYSTEM32;C:\Windows\WinSxS\amd64_microsoft.windows.common-controls_6595b64144ccf1df_6.0.19041.1110_none_60b5254171f9507e;C:\Program Files\JetBrains\IntelliJ IDEA Educational Edition 2020.3.4\jbr\bin\server

VM Arguments:
java_command: org.jetbrains.git4idea.http.GitAskPassApp Username for 'https://github.com': 
java_class_path (initial): C:/Program Files/JetBrains/IntelliJ IDEA Educational Edition 2020.3.4/plugins/git4idea/lib/git4idea-rt.jar;C:/Program Files/JetBrains/IntelliJ IDEA Educational Edition 2020.3.4/lib/xmlrpc-2.0.1.jar;C:/Program Files/JetBrains/IntelliJ IDEA Educational Edition 2020.3.4/lib/commons-codec-1.15.jar
Launcher Type: SUN_STANDARD

[Global flags]
     intx CICompilerCount                          = 3                                         {product} {ergonomic}
     uint ConcGCThreads                            = 1                                         {product} {ergonomic}
     uint G1ConcRefinementThreads                  = 4                                         {product} {ergonomic}
   size_t G1HeapRegionSize                         = 1048576                                   {product} {ergonomic}
    uintx GCDrainStackTargetSize                   = 64                                        {product} {ergonomic}
   size_t InitialHeapSize                          = 201326592                                 {product} {ergonomic}
   size_t MarkStackSize                            = 4194304                                   {product} {ergonomic}
   size_t MaxHeapSize                              = 3196059648                                {product} {ergonomic}
   size_t MinHeapDeltaBytes                        = 1048576                                   {product} {ergonomic}
    uintx NonNMethodCodeHeapSize                   = 5830732                                {pd product} {ergonomic}
    uintx NonProfiledCodeHeapSize                  = 122913754                              {pd product} {ergonomic}
    uintx ProfiledCodeHeapSize                     = 122913754                              {pd product} {ergonomic}
    uintx ReservedCodeCacheSize                    = 251658240                              {pd product} {ergonomic}
     bool SegmentedCodeCache                       = true                                      {product} {ergonomic}
     bool UseCompressedClassPointers               = true                                 {lp64_product} {ergonomic}
     bool UseCompressedOops                        = true                                 {lp64_product} {ergonomic}
     bool UseG1GC                                  = true                                      {product} {ergonomic}
     bool UseLargePagesIndividualAllocation        = false                                  {pd product} {ergonomic}

Logging:
Log output configuration:
 #0: stdout all=warning uptime,level,tags
 #1: stderr all=off uptime,level,tags

Environment Variables:
PATH=C:\Program Files\Git\mingw64\libexec\git-core;C:\Program Files\Git\mingw64\libexec\git-core;C:\Program Files\Git\mingw64\bin;C:\Program Files\Git\usr\bin;C:\Users\niede\bin;C:\Program Files (x86)\NVIDIA Corporation\PhysX\Common;C:\Program Files\Common Files\Oracle\Java\javapath;C:\Windows\system32;C:\Windows;C:\Windows\System32\Wbem;C:\Windows\System32\WindowsPowerShell\v1.0;C:\Windows\System32\OpenSSH;C:\Program Files\Git\cmd;C:\Users\niede\AppData\Local\Microsoft\WindowsApps;C:\Program Files\JetBrains\IntelliJ IDEA Educational Edition 2020.3.4\bin;C:\Users\niede\AppData\Local\Programs\Microsoft VS Code\bin
USERNAME=niede
DISPLAY=:0.0
LC_ALL=en_US.UTF-8
OS=Windows_NT
PROCESSOR_IDENTIFIER=Intel64 Family 6 Model 78 Stepping 3, GenuineIntel



---------------  S Y S T E M  ---------------

OS: Windows 10 , 64 bit Build 19041 (10.0.19041.1023)
OS uptime: 0 days 1:13 hours

CPU:total 4 (initial active 4) (2 cores per cpu, 2 threads per core) family 6 model 78 stepping 3 microcode 0xcc, cmov, cx8, fxsr, mmx, sse, sse2, sse3, ssse3, sse4.1, sse4.2, popcnt, avx, avx2, aes, clmul, erms, 3dnowpref, lzcnt, ht, tsc, tscinvbit, bmi1, bmi2, adx, fma

Memory: 4k page, system-wide physical 12186M (1788M free)
TotalPageFile size 12186M (AvailPageFile size 165M)
current process WorkingSet (physical memory assigned to process): 10M, peak: 10M
current process commit charge ("private bytes"): 51M, peak: 243M

vm_info: OpenJDK 64-Bit Server VM (11.0.11+9-b1341.60) for windows-amd64 JRE (11.0.11+9-b1341.60), built on Jun  4 2021 08:17:54 by "" with MS VC++ 14.0 (VS2015)

END.
